<?xml version="1.0" encoding="UTF-8"?>
<!-- Generated by org.testng.reporters.JUnitReportReporter -->
<testsuite hostname="DESKTOP-NSD91U7" failures="0" tests="5" name="TestNG" time="0.032" errors="0" timestamp="2025-01-23T11:16:40 WIB" skipped="0">
  <testcase classname="TestNG" name="Test2" time="0.008"/>
  <system-out/>
  <testcase classname="TestNG" name="testMethod" time="0.000"/>
  <system-out/>
  <testcase classname="TestNG" name="testMethod" time="0.013"/>
  <system-out/>
  <testcase classname="TestNG" name="Test1" time="0.010"/>
  <system-out/>
  <testcase classname="TestNG" name="Test3" time="0.001"/>
  <system-out/>
</testsuite> <!-- TestNG -->
